<?xml version="1.0" encoding="UTF-8"?>
<testsuite xmlns:xsi="http://www.w3.org/2001/XMLSchema-instance"
           xsi:noNamespaceSchemaLocation="https://maven.apache.org/surefire/maven-surefire-plugin/xsd/surefire-test-report-3.0.xsd"
           version="3.0" name="com.adevinta.filesearch.util.SearchUtilTest" time="0.037" tests="7" errors="0"
           skipped="0" failures="0">
    <properties>
[...]
</properties>
    <testcase name="getCommand_withRecognizedCommand_shouldReturnRecognizedCommand"
              classname="com.adevinta.filesearch.util.SearchUtilTest" time="0"/>
    <testcase name="isTextFile_withValidFile_shouldReturnBoolean"
              classname="com.adevinta.filesearch.util.SearchUtilTest" time="0"/>
    <testcase name="sanitize_withValidStringAndCaseInsensitive_shouldSanitizeString"
              classname="com.adevinta.filesearch.util.SearchUtilTest" time="0"/>
    <testcase name="looksLikeCommand_withValidCommand_shouldReturnBoolean"
              classname="com.adevinta.filesearch.util.SearchUtilTest" time="0.001"/>
    <testcase name="getCommand_withUnrecognizedCommand_shouldReturnUnrecognizedCommand"
              classname="com.adevinta.filesearch.util.SearchUtilTest" time="0.002"/>
    <testcase name="sanitize_withValidStringAndCaseSensitive_shouldSanitizeString"
              classname="com.adevinta.filesearch.util.SearchUtilTest" time="0.001"/>
    <testcase name="readFileContent_withValidFile_shouldReturnBoolean"
              classname="com.adevinta.filesearch.util.SearchUtilTest" time="0.029"/>
</testsuite>
